<?xml version="1.0" encoding="UTF-8"?>
<testsuite xmlns:xsi="http://www.w3.org/2001/XMLSchema-instance" xsi:noNamespaceSchemaLocation="https://maven.apache.org/surefire/maven-surefire-plugin/xsd/surefire-test-report-3.0.xsd" version="3.0" name="com.tasktracker.controller.TaskControllerTest" time="1.661" tests="15" errors="0" skipped="0" failures="0">
  <properties>
[...]
</properties>
  <testcase name="searchTasks_WithNoFilters_ShouldReturnAllTasks" classname="com.tasktracker.controller.TaskControllerTest" time="0.091">
    <system-out><![CDATA[16:25:54.713 [main] INFO org.springframework.test.context.support.AnnotationConfigContextLoaderUtils -- Could not detect default configuration classes for test class [com.tasktracker.controller.TaskControllerTest]: TaskControllerTest does not declare any static, non-private, non-final, nested classes annotated with @Configuration.
16:25:54.790 [main] INFO org.springframework.boot.test.context.SpringBootTestContextBootstrapper -- Found @SpringBootConfiguration com.tasktracker.TaskTrackerApplication for test class com.tasktracker.controller.TaskControllerTest

  .   ____          _            __ _ _
 /\\ / ___'_ __ _ _(_)_ __  __ _ \ \ \ \
( ( )\___ | '_ | '_| | '_ \/ _` | \ \ \ \
 \\/  ___)| |_)| | | | | || (_| |  ) ) ) )
  '  |____| .__|_| |_|_| |_\__, | / / / /
 =========|_|==============|___/=/_/_/_/
 :: Spring Boot ::                (v3.2.0)

2025-12-06T16:25:55.014+05:00  INFO 38376 --- [task-tracker] [           main] c.t.controller.TaskControllerTest        : Starting TaskControllerTest using Java 17.0.16 with PID 38376 (started by bahtiyarelik in /Users/bahtiyarelik/Desktop/code/study/fullstack/server)
2025-12-06T16:25:55.015+05:00  INFO 38376 --- [task-tracker] [           main] c.t.controller.TaskControllerTest        : No active profile set, falling back to 1 default profile: "default"
2025-12-06T16:25:56.058+05:00  INFO 38376 --- [task-tracker] [           main] o.s.b.t.m.w.SpringBootMockServletContext : Initializing Spring TestDispatcherServlet ''
2025-12-06T16:25:56.058+05:00  INFO 38376 --- [task-tracker] [           main] o.s.t.web.servlet.TestDispatcherServlet  : Initializing Servlet ''
2025-12-06T16:25:56.059+05:00  INFO 38376 --- [task-tracker] [           main] o.s.t.web.servlet.TestDispatcherServlet  : Completed initialization in 1 ms
2025-12-06T16:25:56.070+05:00  INFO 38376 --- [task-tracker] [           main] c.t.controller.TaskControllerTest        : Started TaskControllerTest in 1.245 seconds (process running for 1.832)
]]></system-out>
  </testcase>
  <testcase name="exportToExcel_ShouldReturnXlsxFile" classname="com.tasktracker.controller.TaskControllerTest" time="0.006"/>
  <testcase name="createTask_WithoutTitle_ShouldReturn400" classname="com.tasktracker.controller.TaskControllerTest" time="0.056"/>
  <testcase name="deleteTask_WhenNotExists_ShouldReturn404" classname="com.tasktracker.controller.TaskControllerTest" time="0.005"/>
  <testcase name="updateTask_WhenNotExists_ShouldReturn404" classname="com.tasktracker.controller.TaskControllerTest" time="0.005"/>
  <testcase name="createTask_WithBlankTitle_ShouldReturn400" classname="com.tasktracker.controller.TaskControllerTest" time="0.002"/>
  <testcase name="searchTasks_WithFilters_ShouldReturnFilteredTasks" classname="com.tasktracker.controller.TaskControllerTest" time="0.006"/>
  <testcase name="deleteTask_WhenExists_ShouldReturn204" classname="com.tasktracker.controller.TaskControllerTest" time="0.005"/>
  <testcase name="getAllTasks_ShouldReturnTasks" classname="com.tasktracker.controller.TaskControllerTest" time="0.002"/>
  <testcase name="getAllTasks_WhenEmpty_ShouldReturnEmptyArray" classname="com.tasktracker.controller.TaskControllerTest" time="0.003"/>
  <testcase name="createTask_WithValidData_ShouldReturnCreated" classname="com.tasktracker.controller.TaskControllerTest" time="0.004"/>
  <testcase name="exportToExcel_WithFilters_ShouldReturnFilteredXlsx" classname="com.tasktracker.controller.TaskControllerTest" time="0.002"/>
  <testcase name="getTaskById_WhenExists_ShouldReturnTask" classname="com.tasktracker.controller.TaskControllerTest" time="0.003"/>
  <testcase name="updateTask_WhenExists_ShouldReturnUpdated" classname="com.tasktracker.controller.TaskControllerTest" time="0.003"/>
  <testcase name="getTaskById_WhenNotExists_ShouldReturn404" classname="com.tasktracker.controller.TaskControllerTest" time="0.002"/>
</testsuite>